<?xml version="1.0" encoding="UTF-8"?>
<!-- Generated by org.testng.reporters.JUnitReportReporter -->
<testsuite hostname="LAPTOP-TRRVQMAI" failures="0" tests="1" name="TestRunners.MyTestRunner" time="30.844" errors="0" timestamp="2025-08-25T17:51:51 IST" skipped="0">
  <testcase classname="TestRunners.MyTestRunner" name="runScenario" time="30.844"/>
</testsuite> <!-- TestRunners.MyTestRunner -->
