<?xml version="1.0" encoding="UTF-8"?>
<!-- Generated by org.testng.reporters.JUnitReportReporter -->
<testsuite hostname="LAPTOP-TRRVQMAI" failures="0" tests="1" name="TestRunners.MyTestRunner" time="33.281" errors="0" timestamp="2025-08-25T18:24:44 IST" skipped="0">
  <testcase classname="TestRunners.MyTestRunner" name="runScenario" time="33.281"/>
</testsuite> <!-- TestRunners.MyTestRunner -->
